<?xml version="1.0" encoding="UTF-8"?>
<!-- Generated by org.testng.reporters.JUnitReportReporter -->
<testsuite hostname="NIKSHEP" failures="0" tests="1" name="driverFactory.AppTest" time="129.391" errors="0" timestamp="2024-05-10T15:28:55 IST" skipped="0">
  <testcase classname="driverFactory.AppTest" name="kickStrat" time="129.391">
    <system-out>
      <![CDATA[Stock-000001366        Stock-000001366
Supplier-00000003112      Supplier-00000003112
Customer-00000005655      Customer-00000005655
Purchase-00000000146      Purchase-00000000146]]>
    </system-out>
  </testcase> <!-- kickStrat -->
  <system-out>
    <![CDATA[Stock-000001366        Stock-000001366
Supplier-00000003112      Supplier-00000003112
Customer-00000005655      Customer-00000005655
Purchase-00000000146      Purchase-00000000146]]>
  </system-out>
</testsuite> <!-- driverFactory.AppTest -->
